<?xml version="1.0" encoding="UTF-8"?>
<!-- Generated by org.testng.reporters.JUnitXMLReporter -->
<testsuite ignored="2" hostname="Nitin-Ghorpade" failures="0" tests="0" time="0.024" errors="0" timestamp="2025-05-09T12:06:08 IST">
  <testcase classname="Dashboard.APITest" name="openAppAndLogin" time="0.0">
    <ignored/>
  </testcase> <!-- openAppAndLogin -->
  <testcase classname="Dashboard.APITest" name="enableDevTools" time="0.0">
    <ignored/>
  </testcase> <!-- enableDevTools -->
</testsuite>
