<?xml version="1.0" encoding="UTF-8"?>
<testng-results ignored="0" total="2" passed="2" failed="0" skipped="0">
  <reporter-output>
  </reporter-output>
  <suite started-at="2025-05-09T12:32:32 IST" name="Default suite" finished-at="2025-05-09T12:32:49 IST" duration-ms="17783">
    <groups>
    </groups>
    <test started-at="2025-05-09T12:32:32 IST" name="Default test" finished-at="2025-05-09T12:32:49 IST" duration-ms="17783">
      <class name="Dashboard.APITest">
        <test-method is-config="true" signature="launchBrowser()[pri:0, instance:Dashboard.APITest@5c80cf32]" started-at="2025-05-09T12:32:32 IST" name="launchBrowser" finished-at="2025-05-09T12:32:34 IST" duration-ms="2096" status="PASS">
          <reporter-output>
          </reporter-output>
        </test-method> <!-- launchBrowser -->
        <test-method signature="enableDevTools()[pri:0, instance:Dashboard.APITest@5c80cf32]" started-at="2025-05-09T12:32:34 IST" name="enableDevTools" finished-at="2025-05-09T12:32:34 IST" duration-ms="39" status="PASS">
          <reporter-output>
          </reporter-output>
        </test-method> <!-- enableDevTools -->
        <test-method signature="openAppAndLogin()[pri:1, instance:Dashboard.APITest@5c80cf32]" started-at="2025-05-09T12:32:34 IST" name="openAppAndLogin" finished-at="2025-05-09T12:32:49 IST" duration-ms="15601" status="PASS">
          <reporter-output>
          </reporter-output>
        </test-method> <!-- openAppAndLogin -->
      </class> <!-- Dashboard.APITest -->
    </test> <!-- Default test -->
  </suite> <!-- Default suite -->
</testng-results>
