<?xml version="1.0" encoding="UTF-8"?>
<!-- Generated by org.testng.reporters.JUnitXMLReporter -->
<testsuite ignored="0" hostname="DESKTOP-KBM2E74" failures="3" tests="39" name="Login Tests" time="673.187" errors="0" timestamp="2025-03-06T12:47:45 IST">
  <testcase classname="Login.SignUp" name="testSignupFormIndividual" time="19.823"/>
  <testcase classname="Login.ApplicantForm" name="testLogin" time="8.325"/>
  <testcase classname="Login.ApplicantForm" name="testfillapplication" time="15.73"/>
  <testcase classname="Login.ApplicantForm" name="tribalapplicatin" time="18.756"/>
  <testcase classname="Login.ApplicantForm" name="Uploaddocument" time="11.078"/>
  <testcase classname="Login.ApprovaljrClerk" name="testLogin" time="10.313"/>
  <testcase classname="Login.ApprovaljrClerk" name="Applicationlist" time="21.014"/>
  <testcase classname="Login.ApprovalsrClerk" name="testLogin" time="10.547"/>
  <testcase classname="Login.ApprovalsrClerk" name="Applicationlist" time="15.97">
    <failure type="org.openqa.selenium.NoSuchSessionException" message="invalid session id
Build info: version: &amp;apos;4.13.0&amp;apos;, revision: &amp;apos;ba948ece5b*&amp;apos;
System info: os.name: &amp;apos;Windows 10&amp;apos;, os.arch: &amp;apos;amd64&amp;apos;, os.version: &amp;apos;10.0&amp;apos;, java.version: &amp;apos;17.0.8&amp;apos;
Driver info: org.openqa.selenium.chrome.ChromeDriver
Command: [2bfb1982c0a3b07de9f63426c1b79ce4, switchToWindow {handle=F6C8C77FECE94FDB90D4C897781BCBA1}]
Capabilities {acceptInsecureCerts: false, browserName: chrome, browserVersion: 133.0.6943.143, chrome: {chromedriverVersion: 133.0.6943.141 (2a5d6da0d61..., userDataDir: C:\Users\niting\AppData\Loc...}, fedcm:accounts: true, goog:chromeOptions: {debuggerAddress: localhost:56502}, networkConnectionEnabled: false, pageLoadStrategy: normal, platformName: windows, proxy: Proxy(), se:cdp: ws://localhost:56502/devtoo..., se:cdpVersion: 133.0.6943.143, setWindowRect: true, strictFileInteractability: false, timeouts: {implicit: 0, pageLoad: 300000, script: 30000}, unhandledPromptBehavior: dismiss and notify, webauthn:extension:credBlob: true, webauthn:extension:largeBlob: true, webauthn:extension:minPinLength: true, webauthn:extension:prf: true, webauthn:virtualAuthenticators: true}
Session ID: 2bfb1982c0a3b07de9f63426c1b79ce4">
      <![CDATA[org.openqa.selenium.NoSuchSessionException: invalid session id
Build info: version: '4.13.0', revision: 'ba948ece5b*'
System info: os.name: 'Windows 10', os.arch: 'amd64', os.version: '10.0', java.version: '17.0.8'
Driver info: org.openqa.selenium.chrome.ChromeDriver
Command: [2bfb1982c0a3b07de9f63426c1b79ce4, switchToWindow {handle=F6C8C77FECE94FDB90D4C897781BCBA1}]
Capabilities {acceptInsecureCerts: false, browserName: chrome, browserVersion: 133.0.6943.143, chrome: {chromedriverVersion: 133.0.6943.141 (2a5d6da0d61..., userDataDir: C:\Users\niting\AppData\Loc...}, fedcm:accounts: true, goog:chromeOptions: {debuggerAddress: localhost:56502}, networkConnectionEnabled: false, pageLoadStrategy: normal, platformName: windows, proxy: Proxy(), se:cdp: ws://localhost:56502/devtoo..., se:cdpVersion: 133.0.6943.143, setWindowRect: true, strictFileInteractability: false, timeouts: {implicit: 0, pageLoad: 300000, script: 30000}, unhandledPromptBehavior: dismiss and notify, webauthn:extension:credBlob: true, webauthn:extension:largeBlob: true, webauthn:extension:minPinLength: true, webauthn:extension:prf: true, webauthn:virtualAuthenticators: true}
Session ID: 2bfb1982c0a3b07de9f63426c1b79ce4
at org.openqa.selenium.remote.codec.w3c.W3CHttpResponseCodec.createException(W3CHttpResponseCodec.java:200)
at org.openqa.selenium.remote.codec.w3c.W3CHttpResponseCodec.decode(W3CHttpResponseCodec.java:133)
at org.openqa.selenium.remote.codec.w3c.W3CHttpResponseCodec.decode(W3CHttpResponseCodec.java:52)
at org.openqa.selenium.remote.HttpCommandExecutor.execute(HttpCommandExecutor.java:191)
at org.openqa.selenium.remote.service.DriverCommandExecutor.invokeExecute(DriverCommandExecutor.java:196)
at org.openqa.selenium.remote.service.DriverCommandExecutor.execute(DriverCommandExecutor.java:171)
at org.openqa.selenium.remote.RemoteWebDriver.execute(RemoteWebDriver.java:602)
at org.openqa.selenium.remote.RemoteWebDriver$RemoteTargetLocator.window(RemoteWebDriver.java:1147)
at Login.ApprovalsrClerk.Applicationlist(ApprovalsrClerk.java:96)
at java.base/java.util.ArrayList.forEach(ArrayList.java:1511)
... Removed 32 stack frames]]>
    </failure>
  </testcase> <!-- Applicationlist -->
  <testcase classname="Login.ApprovalTahsildar" name="testLogin" time="9.428"/>
  <testcase classname="Login.ApprovalTahsildar" name="Applicationlist" time="19.575">
    <failure type="org.openqa.selenium.NoSuchSessionException" message="invalid session id
Build info: version: &amp;apos;4.13.0&amp;apos;, revision: &amp;apos;ba948ece5b*&amp;apos;
System info: os.name: &amp;apos;Windows 10&amp;apos;, os.arch: &amp;apos;amd64&amp;apos;, os.version: &amp;apos;10.0&amp;apos;, java.version: &amp;apos;17.0.8&amp;apos;
Driver info: org.openqa.selenium.chrome.ChromeDriver
Command: [b424e8c4567fa20fbbab689fa668eeff, switchToWindow {handle=14AC5963DAC360CB6DDEB28D46E2DA3E}]
Capabilities {acceptInsecureCerts: false, browserName: chrome, browserVersion: 133.0.6943.143, chrome: {chromedriverVersion: 133.0.6943.141 (2a5d6da0d61..., userDataDir: C:\Users\niting\AppData\Loc...}, fedcm:accounts: true, goog:chromeOptions: {debuggerAddress: localhost:56536}, networkConnectionEnabled: false, pageLoadStrategy: normal, platformName: windows, proxy: Proxy(), se:cdp: ws://localhost:56536/devtoo..., se:cdpVersion: 133.0.6943.143, setWindowRect: true, strictFileInteractability: false, timeouts: {implicit: 0, pageLoad: 300000, script: 30000}, unhandledPromptBehavior: dismiss and notify, webauthn:extension:credBlob: true, webauthn:extension:largeBlob: true, webauthn:extension:minPinLength: true, webauthn:extension:prf: true, webauthn:virtualAuthenticators: true}
Session ID: b424e8c4567fa20fbbab689fa668eeff">
      <![CDATA[org.openqa.selenium.NoSuchSessionException: invalid session id
Build info: version: '4.13.0', revision: 'ba948ece5b*'
System info: os.name: 'Windows 10', os.arch: 'amd64', os.version: '10.0', java.version: '17.0.8'
Driver info: org.openqa.selenium.chrome.ChromeDriver
Command: [b424e8c4567fa20fbbab689fa668eeff, switchToWindow {handle=14AC5963DAC360CB6DDEB28D46E2DA3E}]
Capabilities {acceptInsecureCerts: false, browserName: chrome, browserVersion: 133.0.6943.143, chrome: {chromedriverVersion: 133.0.6943.141 (2a5d6da0d61..., userDataDir: C:\Users\niting\AppData\Loc...}, fedcm:accounts: true, goog:chromeOptions: {debuggerAddress: localhost:56536}, networkConnectionEnabled: false, pageLoadStrategy: normal, platformName: windows, proxy: Proxy(), se:cdp: ws://localhost:56536/devtoo..., se:cdpVersion: 133.0.6943.143, setWindowRect: true, strictFileInteractability: false, timeouts: {implicit: 0, pageLoad: 300000, script: 30000}, unhandledPromptBehavior: dismiss and notify, webauthn:extension:credBlob: true, webauthn:extension:largeBlob: true, webauthn:extension:minPinLength: true, webauthn:extension:prf: true, webauthn:virtualAuthenticators: true}
Session ID: b424e8c4567fa20fbbab689fa668eeff
at org.openqa.selenium.remote.codec.w3c.W3CHttpResponseCodec.createException(W3CHttpResponseCodec.java:200)
at org.openqa.selenium.remote.codec.w3c.W3CHttpResponseCodec.decode(W3CHttpResponseCodec.java:133)
at org.openqa.selenium.remote.codec.w3c.W3CHttpResponseCodec.decode(W3CHttpResponseCodec.java:52)
at org.openqa.selenium.remote.HttpCommandExecutor.execute(HttpCommandExecutor.java:191)
at org.openqa.selenium.remote.service.DriverCommandExecutor.invokeExecute(DriverCommandExecutor.java:196)
at org.openqa.selenium.remote.service.DriverCommandExecutor.execute(DriverCommandExecutor.java:171)
at org.openqa.selenium.remote.RemoteWebDriver.execute(RemoteWebDriver.java:602)
at org.openqa.selenium.remote.RemoteWebDriver$RemoteTargetLocator.window(RemoteWebDriver.java:1147)
at Login.ApprovalTahsildar.Applicationlist(ApprovalTahsildar.java:96)
at java.base/java.util.ArrayList.forEach(ArrayList.java:1511)
... Removed 32 stack frames]]>
    </failure>
  </testcase> <!-- Applicationlist -->
  <testcase classname="Login.ApprovalJRClerk4" name="testLogin" time="10.306"/>
  <testcase classname="Login.ApprovalJRClerk4" name="Applicationlist" time="18.975">
    <failure type="org.openqa.selenium.NoSuchSessionException" message="invalid session id
Build info: version: &amp;apos;4.13.0&amp;apos;, revision: &amp;apos;ba948ece5b*&amp;apos;
System info: os.name: &amp;apos;Windows 10&amp;apos;, os.arch: &amp;apos;amd64&amp;apos;, os.version: &amp;apos;10.0&amp;apos;, java.version: &amp;apos;17.0.8&amp;apos;
Driver info: org.openqa.selenium.chrome.ChromeDriver
Command: [29607730459e93da1ef20cf4fd9435b9, switchToWindow {handle=43856AC57AE6B1AB88DF734F23C92389}]
Capabilities {acceptInsecureCerts: false, browserName: chrome, browserVersion: 133.0.6943.143, chrome: {chromedriverVersion: 133.0.6943.141 (2a5d6da0d61..., userDataDir: C:\Users\niting\AppData\Loc...}, fedcm:accounts: true, goog:chromeOptions: {debuggerAddress: localhost:56575}, networkConnectionEnabled: false, pageLoadStrategy: normal, platformName: windows, proxy: Proxy(), se:cdp: ws://localhost:56575/devtoo..., se:cdpVersion: 133.0.6943.143, setWindowRect: true, strictFileInteractability: false, timeouts: {implicit: 0, pageLoad: 300000, script: 30000}, unhandledPromptBehavior: dismiss and notify, webauthn:extension:credBlob: true, webauthn:extension:largeBlob: true, webauthn:extension:minPinLength: true, webauthn:extension:prf: true, webauthn:virtualAuthenticators: true}
Session ID: 29607730459e93da1ef20cf4fd9435b9">
      <![CDATA[org.openqa.selenium.NoSuchSessionException: invalid session id
Build info: version: '4.13.0', revision: 'ba948ece5b*'
System info: os.name: 'Windows 10', os.arch: 'amd64', os.version: '10.0', java.version: '17.0.8'
Driver info: org.openqa.selenium.chrome.ChromeDriver
Command: [29607730459e93da1ef20cf4fd9435b9, switchToWindow {handle=43856AC57AE6B1AB88DF734F23C92389}]
Capabilities {acceptInsecureCerts: false, browserName: chrome, browserVersion: 133.0.6943.143, chrome: {chromedriverVersion: 133.0.6943.141 (2a5d6da0d61..., userDataDir: C:\Users\niting\AppData\Loc...}, fedcm:accounts: true, goog:chromeOptions: {debuggerAddress: localhost:56575}, networkConnectionEnabled: false, pageLoadStrategy: normal, platformName: windows, proxy: Proxy(), se:cdp: ws://localhost:56575/devtoo..., se:cdpVersion: 133.0.6943.143, setWindowRect: true, strictFileInteractability: false, timeouts: {implicit: 0, pageLoad: 300000, script: 30000}, unhandledPromptBehavior: dismiss and notify, webauthn:extension:credBlob: true, webauthn:extension:largeBlob: true, webauthn:extension:minPinLength: true, webauthn:extension:prf: true, webauthn:virtualAuthenticators: true}
Session ID: 29607730459e93da1ef20cf4fd9435b9
at org.openqa.selenium.remote.codec.w3c.W3CHttpResponseCodec.createException(W3CHttpResponseCodec.java:200)
at org.openqa.selenium.remote.codec.w3c.W3CHttpResponseCodec.decode(W3CHttpResponseCodec.java:133)
at org.openqa.selenium.remote.codec.w3c.W3CHttpResponseCodec.decode(W3CHttpResponseCodec.java:52)
at org.openqa.selenium.remote.HttpCommandExecutor.execute(HttpCommandExecutor.java:191)
at org.openqa.selenium.remote.service.DriverCommandExecutor.invokeExecute(DriverCommandExecutor.java:196)
at org.openqa.selenium.remote.service.DriverCommandExecutor.execute(DriverCommandExecutor.java:171)
at org.openqa.selenium.remote.RemoteWebDriver.execute(RemoteWebDriver.java:602)
at org.openqa.selenium.remote.RemoteWebDriver$RemoteTargetLocator.window(RemoteWebDriver.java:1147)
at Login.ApprovalJRClerk4.Applicationlist(ApprovalJRClerk4.java:96)
at java.base/java.util.ArrayList.forEach(ArrayList.java:1511)
... Removed 32 stack frames]]>
    </failure>
  </testcase> <!-- Applicationlist -->
  <testcase classname="Login.ApprovalJRClerkTaluka5" name="testLogin" time="10.374"/>
  <testcase classname="Login.ApprovalJRClerkTaluka5" name="Applicationlist" time="49.748"/>
  <testcase classname="Login.ApprovalSrClerk6" name="testLogin" time="9.573"/>
  <testcase classname="Login.ApprovalSrClerk6" name="Applicationlist" time="19.24"/>
  <testcase classname="Login.Approvaltalukatahsildar7" name="testLogin" time="8.397"/>
  <testcase classname="Login.Approvaltalukatahsildar7" name="Applicationlist" time="21.603"/>
  <testcase classname="Login.ApprovalTenancyTahsil8" name="testLogin" time="8.368"/>
  <testcase classname="Login.ApprovalTenancyTahsil8" name="Applicationlist" time="20.799"/>
  <testcase classname="Login.ApprovalJRClerk9" name="testLogin" time="9.225"/>
  <testcase classname="Login.ApprovalJRClerk9" name="Applicationlist" time="22.578"/>
  <testcase classname="Login.ApprovalSRClerkTenency10" name="testLogin" time="8.413"/>
  <testcase classname="Login.ApprovalSRClerkTenency10" name="Applicationlist" time="19.956"/>
  <testcase classname="Login.ApprovalTenencyTahsil11" name="testLogin" time="9.416"/>
  <testcase classname="Login.ApprovalTenencyTahsil11" name="Applicationlist" time="22.066"/>
  <testcase classname="Login.ApprovalDeputyCollctr12" name="testLogin" time="9.577"/>
  <testcase classname="Login.ApprovalDeputyCollctr12" name="Applicationlist" time="19.694"/>
  <testcase classname="Login.ApprovalAdditionalCollctr13" name="testLogin" time="9.304"/>
  <testcase classname="Login.ApprovalAdditionalCollctr13" name="Applicationlist" time="19.757"/>
  <testcase classname="Login.ApprovalJRClerk14" name="testLogin" time="11.044"/>
  <testcase classname="Login.ApprovalJRClerk14" name="Applicationlist" time="24.103"/>
  <testcase classname="Login.ApprovalSRClerkTenancy15" name="testLogin" time="8.363"/>
  <testcase classname="Login.ApprovalSRClerkTenancy15" name="Applicationlist" time="20.016"/>
  <testcase classname="Login.ApprovalTenancyTahsil16" name="testLogin" time="11.407"/>
  <testcase classname="Login.ApprovalTenancyTahsil16" name="Applicationlist" time="18.91"/>
  <testcase classname="Login.ApprovalRDC17" name="testLogin" time="11.367"/>
  <testcase classname="Login.ApprovalRDC17" name="Applicationlist" time="16.523"/>
</testsuite> <!-- Login Tests -->
